<?xml version="1.0" encoding="UTF-8"?>
<!-- Generated by org.testng.reporters.JUnitXMLReporter -->
<testsuite ignored="0" hostname="LAPTOP-MOABL95Q" failures="0" tests="3" name="Car Loan" time="0.01" errors="0" timestamp="2024-10-22T12:10:25 IST">
  <testcase classname="testPackage.demo3" name="apiLogin" time="0.002"/>
  <testcase classname="testPackage.demo3" name="mobileLogin" time="0.002"/>
  <testcase classname="testPackage.demo3" name="webLogin" time="0.001"/>
</testsuite> <!-- Car Loan -->
