<?xml version="1.0" encoding="UTF-8"?>
<!-- Generated by org.testng.reporters.JUnitXMLReporter -->
<testsuite ignored="0" hostname="LAPTOP-MOABL95Q" failures="0" tests="3" name="Personal Loan" time="0.064" errors="0" timestamp="2024-10-22T12:10:25 IST">
  <testcase classname="testPackage.IntitiateTestNG" name="demo" time="0.013"/>
  <testcase classname="testPackage.IntitiateTestNG" name="demo2" time="0.002"/>
  <testcase classname="testPackage.Demo2" name="demo" time="0.003"/>
</testsuite> <!-- Personal Loan -->
