<?xml version="1.0" encoding="UTF-8"?>
<!-- Generated by org.testng.reporters.JUnitXMLReporter -->
<testsuite ignored="2" hostname="LAPTOP-MOABL95Q" failures="1" tests="4" name="Car Loan" time="0.088" errors="0" timestamp="2024-11-10T18:20:18 IST">
  <testcase classname="testPackage.demo3" name="LoginAll" time="0.015"/>
  <testcase classname="testPackage.demo3" name="LoginAll" time="0.002"/>
  <testcase classname="testPackage.demo3" name="LoginAll" time="0.003"/>
  <testcase classname="testPackage.demo3" name="webLoginCarLoan" time="0.006">
    <failure type="java.lang.AssertionError" message="expected [true] but found [false]">
      <![CDATA[java.lang.AssertionError: expected [true] but found [false]
at testPackage.demo3.webLoginCarLoan(demo3.java:19)
at java.base/java.util.ArrayList.forEach(ArrayList.java:1596)
at java.base/java.util.concurrent.FutureTask.run(FutureTask.java:317)
at java.base/java.util.concurrent.ThreadPoolExecutor.runWorker(ThreadPoolExecutor.java:1144)
at java.base/java.util.concurrent.ThreadPoolExecutor$Worker.run(ThreadPoolExecutor.java:642)
at java.base/java.lang.Thread.run(Thread.java:1583)
... Removed 20 stack frames]]>
    </failure>
  </testcase> <!-- webLoginCarLoan -->
  <testcase classname="testPackage.demo3" name="apiLoginCarLoan" time="0.0">
    <ignored/>
  </testcase> <!-- apiLoginCarLoan -->
  <testcase classname="testPackage.demo3" name="mobileLoginCarLoan" time="0.0">
    <ignored/>
  </testcase> <!-- mobileLoginCarLoan -->
</testsuite> <!-- Car Loan -->
