<?xml version="1.0" encoding="UTF-8"?>
<!-- Generated by org.testng.reporters.JUnitXMLReporter -->
<testsuite ignored="2" hostname="LAPTOP-MOABL95Q" failures="0" tests="4" name="Personal Loan" time="0.081" errors="0" timestamp="2024-11-10T18:20:18 IST">
  <testcase classname="testPackage.Demo2" name="demo" time="0.012"/>
  <testcase classname="testPackage.demo4" name="webLoginHomeLoan" time="0.003"/>
  <testcase classname="testPackage.demo4" name="apiLoginHomeLoan" time="0.002"/>
  <testcase classname="testPackage.demo4" name="mobileLoginHomeLoan" time="0.001"/>
  <testcase classname="testPackage.IntitiateTestNG" name="demo" time="0.0">
    <ignored/>
  </testcase> <!-- demo -->
  <testcase classname="testPackage.IntitiateTestNG" name="demo2" time="0.0">
    <ignored/>
  </testcase> <!-- demo2 -->
</testsuite> <!-- Personal Loan -->
