<?xml version="1.0" encoding="UTF-8"?>
<!-- Generated by org.testng.reporters.JUnitXMLReporter -->
<testsuite ignored="5" hostname="LAPTOP-MOABL95Q" failures="0" tests="4" name="Regression" time="0.071" errors="0" timestamp="2024-10-24T17:11:30 IST">
  <testcase classname="testPackage.demo4" name="webLoginHomeLoan" time="0.007"/>
  <testcase classname="testPackage.demo4" name="mobileLoginHomeLoan" time="0.002"/>
  <testcase classname="testPackage.demo3" name="apiLoginCarLoan" time="0.002"/>
  <testcase classname="testPackage.demo3" name="webLoginCarLoan" time="0.001"/>
  <testcase classname="testPackage.demo4" name="apiLoginHomeLoan" time="0.0">
    <ignored/>
  </testcase> <!-- apiLoginHomeLoan -->
  <testcase classname="testPackage.Demo2" name="demo" time="0.0">
    <ignored/>
  </testcase> <!-- demo -->
  <testcase classname="testPackage.demo3" name="mobileLoginCarLoan" time="0.0">
    <ignored/>
  </testcase> <!-- mobileLoginCarLoan -->
  <testcase classname="testPackage.IntitiateTestNG" name="demo" time="0.0">
    <ignored/>
  </testcase> <!-- demo -->
  <testcase classname="testPackage.IntitiateTestNG" name="demo2" time="0.0">
    <ignored/>
  </testcase> <!-- demo2 -->
</testsuite> <!-- Regression -->
